<?xml version="1.0" encoding="UTF-8"?>
<checkstyle version="8.45.1">
<file name="C:\Users\Ian\Documents\Code\Java fucking sucks\sss\src\main\java\sso\z\libs\UserHandling.java">
<error line="7" column="1" severity="error" message="Extra separation in import group before &apos;java.util.Scanner&apos;" source="com.puppycrawl.tools.checkstyle.checks.imports.ImportOrderCheck"/>
<error line="8" column="1" severity="error" message="Wrong order for &apos;java.util.Random&apos; import." source="com.puppycrawl.tools.checkstyle.checks.imports.ImportOrderCheck"/>
<error line="10" column="1" severity="error" message="Extra separation in import group before &apos;org.json.simple.JSONArray&apos;" source="com.puppycrawl.tools.checkstyle.checks.imports.ImportOrderCheck"/>
<error line="15" column="1" severity="error" message="Missing a Javadoc comment." source="com.puppycrawl.tools.checkstyle.checks.javadoc.MissingJavadocTypeCheck"/>
<error line="21" column="25" severity="error" message="Method name &apos;SIGN_UP&apos; must match pattern &apos;^[a-z][a-z0-9][a-zA-Z0-9_]*$&apos;." source="com.puppycrawl.tools.checkstyle.checks.naming.MethodNameCheck"/>
<error line="21" column="40" severity="error" message="Name &apos;SU_email&apos; must match pattern &apos;^[a-z][a-zA-Z0-9]*$&apos;." source="com.puppycrawl.tools.checkstyle.checks.naming.ParameterNameCheck"/>
<error line="21" column="57" severity="error" message="Name &apos;SU_username&apos; must match pattern &apos;^[a-z][a-zA-Z0-9]*$&apos;." source="com.puppycrawl.tools.checkstyle.checks.naming.ParameterNameCheck"/>
<error line="21" column="77" severity="error" message="Name &apos;SU_password&apos; must match pattern &apos;^[a-z][a-zA-Z0-9]*$&apos;." source="com.puppycrawl.tools.checkstyle.checks.naming.ParameterNameCheck"/>
<error line="22" column="20" severity="error" message="Name &apos;SU_phonenumber&apos; must match pattern &apos;^[a-z][a-zA-Z0-9]*$&apos;." source="com.puppycrawl.tools.checkstyle.checks.naming.ParameterNameCheck"/>
<error line="22" column="43" severity="error" message="Name &apos;SU_location&apos; must match pattern &apos;^[a-z][a-zA-Z0-9]*$&apos;." source="com.puppycrawl.tools.checkstyle.checks.naming.ParameterNameCheck"/>
<error line="22" column="60" severity="error" message="Name &apos;DIF_KEY&apos; must match pattern &apos;^[a-z][a-zA-Z0-9]*$&apos;." source="com.puppycrawl.tools.checkstyle.checks.naming.ParameterNameCheck"/>
<error line="25" column="9" severity="error" message="switch without &quot;default&quot; clause." source="com.puppycrawl.tools.checkstyle.checks.coding.MissingSwitchDefaultCheck"/>
<error line="26" column="21" severity="error" message="Avoid nested blocks." source="com.puppycrawl.tools.checkstyle.checks.blocks.AvoidNestedBlocksCheck"/>
<error line="38" column="21" severity="error" message="Avoid nested blocks." source="com.puppycrawl.tools.checkstyle.checks.blocks.AvoidNestedBlocksCheck"/>
<error line="54" column="28" severity="error" message="Method name &apos;SIGN_IN&apos; must match pattern &apos;^[a-z][a-z0-9][a-zA-Z0-9_]*$&apos;." source="com.puppycrawl.tools.checkstyle.checks.naming.MethodNameCheck"/>
<error line="54" column="43" severity="error" message="Name &apos;SI_Xname&apos; must match pattern &apos;^[a-z][a-zA-Z0-9]*$&apos;." source="com.puppycrawl.tools.checkstyle.checks.naming.ParameterNameCheck"/>
<error line="54" column="60" severity="error" message="Name &apos;SI_password&apos; must match pattern &apos;^[a-z][a-zA-Z0-9]*$&apos;." source="com.puppycrawl.tools.checkstyle.checks.naming.ParameterNameCheck"/>
<error line="54" column="77" severity="error" message="Name &apos;DIF_KEY&apos; must match pattern &apos;^[a-z][a-zA-Z0-9]*$&apos;." source="com.puppycrawl.tools.checkstyle.checks.naming.ParameterNameCheck"/>
<error line="55" column="9" severity="error" message="switch without &quot;default&quot; clause." source="com.puppycrawl.tools.checkstyle.checks.coding.MissingSwitchDefaultCheck"/>
<error line="56" column="21" severity="error" message="Avoid nested blocks." source="com.puppycrawl.tools.checkstyle.checks.blocks.AvoidNestedBlocksCheck"/>
<error line="67" column="21" severity="error" message="Avoid nested blocks." source="com.puppycrawl.tools.checkstyle.checks.blocks.AvoidNestedBlocksCheck"/>
<error line="83" column="24" severity="error" message="Method name &apos;ID_GENERATOR&apos; must match pattern &apos;^[a-z][a-z0-9][a-zA-Z0-9_]*$&apos;." source="com.puppycrawl.tools.checkstyle.checks.naming.MethodNameCheck"/>
<error line="83" column="41" severity="error" message="Name &apos;KEY&apos; must match pattern &apos;^[a-z][a-zA-Z0-9]*$&apos;." source="com.puppycrawl.tools.checkstyle.checks.naming.ParameterNameCheck"/>
<error line="85" column="31" severity="error" message="&apos;100000&apos; is a magic number." source="com.puppycrawl.tools.checkstyle.checks.coding.MagicNumberCheck"/>
<error line="86" column="9" severity="error" message="switch without &quot;default&quot; clause." source="com.puppycrawl.tools.checkstyle.checks.coding.MissingSwitchDefaultCheck"/>
<error line="87" column="21" severity="error" message="Avoid nested blocks." source="com.puppycrawl.tools.checkstyle.checks.blocks.AvoidNestedBlocksCheck"/>
<error line="97" column="21" severity="error" message="Avoid nested blocks." source="com.puppycrawl.tools.checkstyle.checks.blocks.AvoidNestedBlocksCheck"/>
<error line="112" column="30" severity="error" message="Method name &apos;READ_JSON&apos; must match pattern &apos;^[a-z][a-z0-9][a-zA-Z0-9_]*$&apos;." source="com.puppycrawl.tools.checkstyle.checks.naming.MethodNameCheck"/>
<error line="112" column="44" severity="error" message="Name &apos;KEY&apos; must match pattern &apos;^[a-z][a-zA-Z0-9]*$&apos;." source="com.puppycrawl.tools.checkstyle.checks.naming.ParameterNameCheck"/>
<error line="115" column="9" severity="error" message="switch without &quot;default&quot; clause." source="com.puppycrawl.tools.checkstyle.checks.coding.MissingSwitchDefaultCheck"/>
<error line="116" column="21" severity="error" message="Avoid nested blocks." source="com.puppycrawl.tools.checkstyle.checks.blocks.AvoidNestedBlocksCheck"/>
<error line="126" column="21" severity="error" message="Avoid nested blocks." source="com.puppycrawl.tools.checkstyle.checks.blocks.AvoidNestedBlocksCheck"/>
<error line="142" column="25" severity="error" message="Method name &apos;WRITE_JSON&apos; must match pattern &apos;^[a-z][a-z0-9][a-zA-Z0-9_]*$&apos;." source="com.puppycrawl.tools.checkstyle.checks.naming.MethodNameCheck"/>
<error line="142" column="62" severity="error" message="Name &apos;KEY&apos; must match pattern &apos;^[a-z][a-zA-Z0-9]*$&apos;." source="com.puppycrawl.tools.checkstyle.checks.naming.ParameterNameCheck"/>
<error line="143" column="9" severity="error" message="switch without &quot;default&quot; clause." source="com.puppycrawl.tools.checkstyle.checks.coding.MissingSwitchDefaultCheck"/>
<error line="189" column="25" severity="error" message="Method name &apos;SIGN_IN_AFTER&apos; must match pattern &apos;^[a-z][a-z0-9][a-zA-Z0-9_]*$&apos;." source="com.puppycrawl.tools.checkstyle.checks.naming.MethodNameCheck"/>
<error line="189" column="43" severity="error" message="Name &apos;TYPE&apos; must match pattern &apos;^[a-z][a-zA-Z0-9]*$&apos;." source="com.puppycrawl.tools.checkstyle.checks.naming.ParameterNameCheck"/>
<error line="190" column="9" severity="error" message="switch without &quot;default&quot; clause." source="com.puppycrawl.tools.checkstyle.checks.coding.MissingSwitchDefaultCheck"/>
<error line="196" column="24" severity="error" message="Name &apos;LeProduct&apos; must match pattern &apos;^[a-z][a-zA-Z0-9]*$&apos;." source="com.puppycrawl.tools.checkstyle.checks.naming.LocalVariableNameCheck"/>
<error line="197" column="17" severity="error" message="Each variable declaration must be in its own statement." source="com.puppycrawl.tools.checkstyle.checks.coding.MultipleVariableDeclarationsCheck"/>
<error line="197" column="21" severity="error" message="Name &apos;LePrice&apos; must match pattern &apos;^[a-z][a-zA-Z0-9]*$&apos;." source="com.puppycrawl.tools.checkstyle.checks.naming.LocalVariableNameCheck"/>
<error line="223" column="5" severity="error" message="Missing a Javadoc comment." source="com.puppycrawl.tools.checkstyle.checks.javadoc.MissingJavadocTypeCheck"/>
<error line="225" column="30" severity="error" message="Name &apos;LoadShop_V&apos; must match pattern &apos;^[A-Z][a-zA-Z0-9]*$&apos;." source="com.puppycrawl.tools.checkstyle.checks.naming.TypeNameCheck"/>
<error line="226" column="25" severity="error" message="Variable &apos;timeUsingApp&apos; must be private and have accessor methods." source="com.puppycrawl.tools.checkstyle.checks.design.VisibilityModifierCheck"/>
<error line="227" column="20" severity="error" message="Variable &apos;rating&apos; must be private and have accessor methods." source="com.puppycrawl.tools.checkstyle.checks.design.VisibilityModifierCheck"/>
<error line="229" column="23" severity="error" message="Variable &apos;usersArray&apos; must be private and have accessor methods." source="com.puppycrawl.tools.checkstyle.checks.design.VisibilityModifierCheck"/>
<error line="230" column="17" severity="error" message="Variable &apos;randomIndex&apos; must be private and have accessor methods." source="com.puppycrawl.tools.checkstyle.checks.design.VisibilityModifierCheck"/>
<error line="231" column="24" severity="error" message="Variable &apos;user&apos; must be private and have accessor methods." source="com.puppycrawl.tools.checkstyle.checks.design.VisibilityModifierCheck"/>
<error line="232" column="20" severity="error" message="Variable &apos;userName&apos; must be private and have accessor methods." source="com.puppycrawl.tools.checkstyle.checks.design.VisibilityModifierCheck"/>
<error line="233" column="18" severity="error" message="Variable &apos;userId&apos; must be private and have accessor methods." source="com.puppycrawl.tools.checkstyle.checks.design.VisibilityModifierCheck"/>
<error line="234" column="20" severity="error" message="Variable &apos;phoneNumber&apos; must be private and have accessor methods." source="com.puppycrawl.tools.checkstyle.checks.design.VisibilityModifierCheck"/>
<error line="235" column="20" severity="error" message="Variable &apos;email&apos; must be private and have accessor methods." source="com.puppycrawl.tools.checkstyle.checks.design.VisibilityModifierCheck"/>
<error line="236" column="20" severity="error" message="Variable &apos;location&apos; must be private and have accessor methods." source="com.puppycrawl.tools.checkstyle.checks.design.VisibilityModifierCheck"/>
<error line="241" severity="error" message="Line has trailing spaces." source="com.puppycrawl.tools.checkstyle.checks.regexp.RegexpSinglelineCheck"/>
<error line="249" column="9" severity="error" message="Missing a Javadoc comment." source="com.puppycrawl.tools.checkstyle.checks.javadoc.MissingJavadocMethodCheck"/>
<error line="249" column="28" severity="error" message="Method name &apos;SHOP_ALL&apos; must match pattern &apos;^[a-z][a-z0-9][a-zA-Z0-9_]*$&apos;." source="com.puppycrawl.tools.checkstyle.checks.naming.MethodNameCheck"/>
<error line="249" column="41" severity="error" message="Name &apos;TYPE&apos; must match pattern &apos;^[a-z][a-zA-Z0-9]*$&apos;." source="com.puppycrawl.tools.checkstyle.checks.naming.ParameterNameCheck"/>
<error line="252" column="25" severity="error" message="Avoid nested blocks." source="com.puppycrawl.tools.checkstyle.checks.blocks.AvoidNestedBlocksCheck"/>
<error line="256" column="25" severity="error" message="Avoid nested blocks." source="com.puppycrawl.tools.checkstyle.checks.blocks.AvoidNestedBlocksCheck"/>
<error line="266" column="5" severity="error" message="Missing a Javadoc comment." source="com.puppycrawl.tools.checkstyle.checks.javadoc.MissingJavadocTypeCheck"/>
<error line="266" column="25" severity="error" message="Name &apos;SIGN_X&apos; must match pattern &apos;^[A-Z][a-zA-Z0-9]*$&apos;." source="com.puppycrawl.tools.checkstyle.checks.naming.TypeNameCheck"/>
<error line="267" column="30" severity="error" message="Name &apos;SIGN_X_V&apos; must match pattern &apos;^[A-Z][a-zA-Z0-9]*$&apos;." source="com.puppycrawl.tools.checkstyle.checks.naming.TypeNameCheck"/>
<error line="268" column="13" severity="error" message="Each variable declaration must be in its own statement." source="com.puppycrawl.tools.checkstyle.checks.coding.MultipleVariableDeclarationsCheck"/>
<error line="268" column="28" severity="error" message="Name &apos;ssi_loop&apos; must match pattern &apos;^[a-z][a-zA-Z0-9]*$&apos;." source="com.puppycrawl.tools.checkstyle.checks.naming.StaticVariableNameCheck"/>
<error line="268" column="28" severity="error" message="Variable &apos;ssi_loop&apos; must be private and have accessor methods." source="com.puppycrawl.tools.checkstyle.checks.design.VisibilityModifierCheck"/>
<error line="268" column="45" severity="error" message="Name &apos;ssu_loop&apos; must match pattern &apos;^[a-z][a-zA-Z0-9]*$&apos;." source="com.puppycrawl.tools.checkstyle.checks.naming.StaticVariableNameCheck"/>
<error line="268" column="45" severity="error" message="Variable &apos;ssu_loop&apos; must be private and have accessor methods." source="com.puppycrawl.tools.checkstyle.checks.design.VisibilityModifierCheck"/>
<error line="269" column="13" severity="error" message="Each variable declaration must be in its own statement." source="com.puppycrawl.tools.checkstyle.checks.coding.MultipleVariableDeclarationsCheck"/>
<error line="269" column="24" severity="error" message="Name &apos;ssu_input&apos; must match pattern &apos;^[a-z][a-zA-Z0-9]*$&apos;." source="com.puppycrawl.tools.checkstyle.checks.naming.StaticVariableNameCheck"/>
<error line="269" column="24" severity="error" message="Variable &apos;ssu_input&apos; explicitly initialized to &apos;0&apos; (default value for its type)." source="com.puppycrawl.tools.checkstyle.checks.coding.ExplicitInitializationCheck"/>
<error line="269" column="24" severity="error" message="Variable &apos;ssu_input&apos; must be private and have accessor methods." source="com.puppycrawl.tools.checkstyle.checks.design.VisibilityModifierCheck"/>
<error line="269" column="39" severity="error" message="Name &apos;ssi_input&apos; must match pattern &apos;^[a-z][a-zA-Z0-9]*$&apos;." source="com.puppycrawl.tools.checkstyle.checks.naming.StaticVariableNameCheck"/>
<error line="269" column="39" severity="error" message="Variable &apos;ssi_input&apos; explicitly initialized to &apos;0&apos; (default value for its type)." source="com.puppycrawl.tools.checkstyle.checks.coding.ExplicitInitializationCheck"/>
<error line="269" column="39" severity="error" message="Variable &apos;ssi_input&apos; must be private and have accessor methods." source="com.puppycrawl.tools.checkstyle.checks.design.VisibilityModifierCheck"/>
<error line="270" column="13" severity="error" message="Each variable declaration must be in its own statement." source="com.puppycrawl.tools.checkstyle.checks.coding.MultipleVariableDeclarationsCheck"/>
<error line="270" column="27" severity="error" message="Name &apos;Xname&apos; must match pattern &apos;^[a-z][a-zA-Z0-9]*$&apos;." source="com.puppycrawl.tools.checkstyle.checks.naming.StaticVariableNameCheck"/>
<error line="270" column="27" severity="error" message="Variable &apos;Xname&apos; must be private and have accessor methods." source="com.puppycrawl.tools.checkstyle.checks.design.VisibilityModifierCheck"/>
<error line="270" column="34" severity="error" message="Variable &apos;username&apos; must be private and have accessor methods." source="com.puppycrawl.tools.checkstyle.checks.design.VisibilityModifierCheck"/>
<error line="270" column="44" severity="error" message="Variable &apos;password&apos; must be private and have accessor methods." source="com.puppycrawl.tools.checkstyle.checks.design.VisibilityModifierCheck"/>
<error line="270" column="54" severity="error" message="Variable &apos;phonenumber&apos; must be private and have accessor methods." source="com.puppycrawl.tools.checkstyle.checks.design.VisibilityModifierCheck"/>
<error line="270" column="67" severity="error" message="Variable &apos;location&apos; must be private and have accessor methods." source="com.puppycrawl.tools.checkstyle.checks.design.VisibilityModifierCheck"/>
<error line="285" column="50" severity="error" message="Name &apos;SIGNTYPE&apos; must match pattern &apos;^[a-z][a-zA-Z0-9]*$&apos;." source="com.puppycrawl.tools.checkstyle.checks.naming.ParameterNameCheck"/>
<error line="285" column="64" severity="error" message="Name &apos;TYPE&apos; must match pattern &apos;^[a-z][a-zA-Z0-9]*$&apos;." source="com.puppycrawl.tools.checkstyle.checks.naming.ParameterNameCheck"/>
<error line="288" column="13" severity="error" message="switch without &quot;default&quot; clause." source="com.puppycrawl.tools.checkstyle.checks.coding.MissingSwitchDefaultCheck"/>
<error line="289" column="25" severity="error" message="Avoid nested blocks." source="com.puppycrawl.tools.checkstyle.checks.blocks.AvoidNestedBlocksCheck"/>
<error line="290" column="21" severity="error" message="switch without &quot;default&quot; clause." source="com.puppycrawl.tools.checkstyle.checks.coding.MissingSwitchDefaultCheck"/>
<error line="310" column="25" severity="error" message="Avoid nested blocks." source="com.puppycrawl.tools.checkstyle.checks.blocks.AvoidNestedBlocksCheck"/>
<error line="311" column="21" severity="error" message="switch without &quot;default&quot; clause." source="com.puppycrawl.tools.checkstyle.checks.coding.MissingSwitchDefaultCheck"/>
<error line="329" column="9" severity="error" message="Missing a Javadoc comment." source="com.puppycrawl.tools.checkstyle.checks.javadoc.MissingJavadocMethodCheck"/>
<error line="329" column="28" severity="error" message="Method name &apos;SIGN_UP_METHOD&apos; must match pattern &apos;^[a-z][a-z0-9][a-zA-Z0-9_]*$&apos;." source="com.puppycrawl.tools.checkstyle.checks.naming.MethodNameCheck"/>
<error line="331" column="38" severity="error" message="Expression can be simplified." source="com.puppycrawl.tools.checkstyle.checks.coding.SimplifyBooleanExpressionCheck"/>
<error line="332" column="101" severity="error" message="&apos;+&apos; should be on a new line." source="com.puppycrawl.tools.checkstyle.checks.whitespace.OperatorWrapCheck"/>
<error line="357" column="9" severity="error" message="Missing a Javadoc comment." source="com.puppycrawl.tools.checkstyle.checks.javadoc.MissingJavadocMethodCheck"/>
<error line="357" column="28" severity="error" message="Method name &apos;SIGN_IN_METHOD&apos; must match pattern &apos;^[a-z][a-z0-9][a-zA-Z0-9_]*$&apos;." source="com.puppycrawl.tools.checkstyle.checks.naming.MethodNameCheck"/>
<error line="359" column="38" severity="error" message="Expression can be simplified." source="com.puppycrawl.tools.checkstyle.checks.coding.SimplifyBooleanExpressionCheck"/>
<error line="360" column="102" severity="error" message="&apos;+&apos; should be on a new line." source="com.puppycrawl.tools.checkstyle.checks.whitespace.OperatorWrapCheck"/>
<error line="367" column="29" severity="error" message="Avoid nested blocks." source="com.puppycrawl.tools.checkstyle.checks.blocks.AvoidNestedBlocksCheck"/>
<error line="372" column="29" severity="error" message="Avoid nested blocks." source="com.puppycrawl.tools.checkstyle.checks.blocks.AvoidNestedBlocksCheck"/>
</file>
<file name="C:\Users\Ian\Documents\Code\Java fucking sucks\sss\src\main\java\sso\z\sso_menu.java">
<error line="1" severity="error" message="File does not end with a newline." source="com.puppycrawl.tools.checkstyle.checks.NewlineAtEndOfFileCheck"/>
<error line="6" column="1" severity="error" message="Extra separation in import group before &apos;java.util.Scanner&apos;" source="com.puppycrawl.tools.checkstyle.checks.imports.ImportOrderCheck"/>
<error line="6" column="1" severity="error" message="Wrong order for &apos;java.util.Scanner&apos; import." source="com.puppycrawl.tools.checkstyle.checks.imports.ImportOrderCheck"/>
<error line="8" column="1" severity="error" message="Missing a Javadoc comment." source="com.puppycrawl.tools.checkstyle.checks.javadoc.MissingJavadocTypeCheck"/>
<error line="8" column="1" severity="error" message="Utility classes should not have a public or default constructor." source="com.puppycrawl.tools.checkstyle.checks.design.HideUtilityClassConstructorCheck"/>
<error line="8" column="20" severity="error" message="Name &apos;sso_menu&apos; must match pattern &apos;^[A-Z][a-zA-Z0-9]*$&apos;." source="com.puppycrawl.tools.checkstyle.checks.naming.TypeNameCheck"/>
<error line="10" column="24" severity="error" message="Name &apos;ssm_loop&apos; must match pattern &apos;^[a-z][a-zA-Z0-9]*$&apos;." source="com.puppycrawl.tools.checkstyle.checks.naming.StaticVariableNameCheck"/>
<error line="10" column="24" severity="error" message="Variable &apos;ssm_loop&apos; must be private and have accessor methods." source="com.puppycrawl.tools.checkstyle.checks.design.VisibilityModifierCheck"/>
<error line="11" column="20" severity="error" message="Name &apos;ssm_input&apos; must match pattern &apos;^[a-z][a-zA-Z0-9]*$&apos;." source="com.puppycrawl.tools.checkstyle.checks.naming.StaticVariableNameCheck"/>
<error line="11" column="20" severity="error" message="Variable &apos;ssm_input&apos; must be private and have accessor methods." source="com.puppycrawl.tools.checkstyle.checks.design.VisibilityModifierCheck"/>
<error line="14" column="5" severity="error" message="Missing a Javadoc comment." source="com.puppycrawl.tools.checkstyle.checks.javadoc.MissingJavadocMethodCheck"/>
<error line="16" column="39" severity="error" message="Expression can be simplified." source="com.puppycrawl.tools.checkstyle.checks.coding.SimplifyBooleanExpressionCheck"/>
<error line="18" column="73" severity="error" message="&apos;+&apos; should be on a new line." source="com.puppycrawl.tools.checkstyle.checks.whitespace.OperatorWrapCheck"/>
<error line="19" column="98" severity="error" message="&apos;+&apos; should be on a new line." source="com.puppycrawl.tools.checkstyle.checks.whitespace.OperatorWrapCheck"/>
<error line="33" column="22" severity="error" message="&apos;3&apos; is a magic number." source="com.puppycrawl.tools.checkstyle.checks.coding.MagicNumberCheck"/>
</file>
</checkstyle>
